# JRE version: OpenJDK Runtime Environment (11.0.8+10) (build 11.0.8+10-b944.6842174)
# Java VM: OpenJDK 64-Bit Server VM (11.0.8+10-b944.6842174, mixed mode, tiered, compressed oops, g1 gc, windows-amd64)
Heap:
 garbage-first heap   total 555008K, used 198649K [0x0000000080000000, 0x0000000100000000)
  region size 1024K, 13 young (13312K), 13 survivors (13312K)
 Metaspace       used 130547K, capacity 134040K, committed 134600K, reserved 1167360K
  class space    used 15965K, capacity 17201K, committed 17484K, reserved 1048576K
GC Heap History (20 events):
Event: 89.703 GC heap after
{Heap after GC invocations=74 (full 0):
 garbage-first heap   total 333824K, used 170010K [0x0000000080000000, 0x0000000100000000)
  region size 1024K, 14 young (14336K), 14 survivors (14336K)
 Metaspace       used 129432K, capacity 132946K, committed 133576K, reserved 1165312K
  class space    used 15935K, capacity 17165K, committed 17484K, reserved 1048576K
}
Event: 89.988 GC heap before
{Heap before GC invocations=74 (full 0):
 garbage-first heap   total 333824K, used 272410K [0x0000000080000000, 0x0000000100000000)
  region size 1024K, 115 young (117760K), 14 survivors (14336K)
 Metaspace       used 129685K, capacity 133150K, committed 133832K, reserved 1165312K
  class space    used 15940K, capacity 17165K, committed 17484K, reserved 1048576K
}
Event: 90.008 GC heap after
{Heap after GC invocations=75 (full 0):
 garbage-first heap   total 401408K, used 172640K [0x0000000080000000, 0x0000000100000000)
  region size 1024K, 5 young (5120K), 5 survivors (5120K)
 Metaspace       used 129685K, capacity 133150K, committed 133832K, reserved 1165312K
  class space    used 15940K, capacity 17165K, committed 17484K, reserved 1048576K
}
Event: 90.435 GC heap before
{Heap before GC invocations=75 (full 0):
 garbage-first heap   total 401408K, used 307808K [0x0000000080000000, 0x0000000100000000)
  region size 1024K, 138 young (141312K), 5 survivors (5120K)
 Metaspace       used 129818K, capacity 133354K, committed 134088K, reserved 1165312K
  class space    used 15940K, capacity 17165K, committed 17484K, reserved 1048576K
}
Event: 90.445 GC heap after
{Heap after GC invocations=76 (full 0):
 garbage-first heap   total 401408K, used 175174K [0x0000000080000000, 0x0000000100000000)
  region size 1024K, 8 young (8192K), 8 survivors (8192K)
 Metaspace       used 129818K, capacity 133354K, committed 134088K, reserved 1165312K
  class space    used 15940K, capacity 17165K, committed 17484K, reserved 1048576K
}
Event: 90.756 GC heap before
{Heap before GC invocations=76 (full 0):
 garbage-first heap   total 401408K, used 315462K [0x0000000080000000, 0x0000000100000000)
  region size 1024K, 146 young (149504K), 8 survivors (8192K)
 Metaspace       used 129956K, capacity 133498K, committed 134088K, reserved 1165312K
  class space    used 15940K, capacity 17165K, committed 17484K, reserved 1048576K
}
Event: 90.772 GC heap after
{Heap after GC invocations=77 (full 0):
 garbage-first heap   total 401408K, used 180755K [0x0000000080000000, 0x0000000100000000)
  region size 1024K, 13 young (13312K), 13 survivors (13312K)
 Metaspace       used 129956K, capacity 133498K, committed 134088K, reserved 1165312K
  class space    used 15940K, capacity 17165K, committed 17484K, reserved 1048576K
}
Event: 91.058 GC heap before
{Heap before GC invocations=77 (full 0):
 garbage-first heap   total 401408K, used 323091K [0x0000000080000000, 0x0000000100000000)
  region size 1024K, 153 young (156672K), 13 survivors (13312K)
 Metaspace       used 129994K, capacity 133501K, committed 134088K, reserved 1165312K
  class space    used 15940K, capacity 17165K, committed 17484K, reserved 1048576K
}
Event: 91.075 GC heap after
{Heap after GC invocations=78 (full 0):
 garbage-first heap   total 401408K, used 182580K [0x0000000080000000, 0x0000000100000000)
  region size 1024K, 12 young (12288K), 12 survivors (12288K)
 Metaspace       used 129994K, capacity 133501K, committed 134088K, reserved 1165312K
  class space    used 15940K, capacity 17165K, committed 17484K, reserved 1048576K
}
Event: 91.426 GC heap before
{Heap before GC invocations=78 (full 0):
 garbage-first heap   total 401408K, used 327988K [0x0000000080000000, 0x0000000100000000)
  region size 1024K, 155 young (158720K), 12 survivors (12288K)
 Metaspace       used 130182K, capacity 133735K, committed 134344K, reserved 1167360K
  class space    used 15954K, capacity 17197K, committed 17484K, reserved 1048576K
}
Event: 91.444 GC heap after
{Heap after GC invocations=79 (full 0):
 garbage-first heap   total 401408K, used 184696K [0x0000000080000000, 0x0000000100000000)
  region size 1024K, 11 young (11264K), 11 survivors (11264K)
 Metaspace       used 130182K, capacity 133735K, committed 134344K, reserved 1167360K
  class space    used 15954K, capacity 17197K, committed 17484K, reserved 1048576K
}
Event: 91.839 GC heap before
{Heap before GC invocations=79 (full 0):
 garbage-first heap   total 401408K, used 332152K [0x0000000080000000, 0x0000000100000000)
  region size 1024K, 156 young (159744K), 11 survivors (11264K)
 Metaspace       used 130341K, capacity 133879K, committed 134600K, reserved 1167360K
  class space    used 15962K, capacity 17198K, committed 17484K, reserved 1048576K
}
Event: 91.861 GC heap after
{Heap after GC invocations=80 (full 0):
 garbage-first heap   total 485376K, used 188505K [0x0000000080000000, 0x0000000100000000)
  region size 1024K, 15 young (15360K), 15 survivors (15360K)
 Metaspace       used 130341K, capacity 133879K, committed 134600K, reserved 1167360K
  class space    used 15962K, capacity 17198K, committed 17484K, reserved 1048576K
}
Event: 92.419 GC heap before
{Heap before GC invocations=80 (full 0):
 garbage-first heap   total 485376K, used 395353K [0x0000000080000000, 0x0000000100000000)
  region size 1024K, 217 young (222208K), 15 survivors (15360K)
 Metaspace       used 130383K, capacity 133888K, committed 134600K, reserved 1167360K
  class space    used 15963K, capacity 17199K, committed 17484K, reserved 1048576K
}
Event: 92.439 GC heap after
{Heap after GC invocations=81 (full 0):
 garbage-first heap   total 485376K, used 191332K [0x0000000080000000, 0x0000000100000000)
  region size 1024K, 17 young (17408K), 17 survivors (17408K)
 Metaspace       used 130383K, capacity 133888K, committed 134600K, reserved 1167360K
  class space    used 15963K, capacity 17199K, committed 17484K, reserved 1048576K
}
Event: 92.823 GC heap before
{Heap before GC invocations=81 (full 0):
 garbage-first heap   total 485376K, used 410468K [0x0000000080000000, 0x0000000100000000)
  region size 1024K, 231 young (236544K), 17 survivors (17408K)
 Metaspace       used 130448K, capacity 133962K, committed 134600K, reserved 1167360K
  class space    used 15964K, capacity 17200K, committed 17484K, reserved 1048576K
}
Event: 92.844 GC heap after
{Heap after GC invocations=82 (full 0):
 garbage-first heap   total 485376K, used 196525K [0x0000000080000000, 0x0000000100000000)
  region size 1024K, 18 young (18432K), 18 survivors (18432K)
 Metaspace       used 130448K, capacity 133962K, committed 134600K, reserved 1167360K
  class space    used 15964K, capacity 17200K, committed 17484K, reserved 1048576K
}
Event: 93.321 GC heap before
{Heap before GC invocations=82 (full 0):
 garbage-first heap   total 485376K, used 411565K [0x0000000080000000, 0x0000000100000000)
  region size 1024K, 229 young (234496K), 18 survivors (18432K)
 Metaspace       used 130534K, capacity 134038K, committed 134600K, reserved 1167360K
  class space    used 15965K, capacity 17201K, committed 17484K, reserved 1048576K
}
Event: 93.342 GC heap after
{Heap after GC invocations=83 (full 0):
 garbage-first heap   total 485376K, used 199858K [0x0000000080000000, 0x0000000100000000)
  region size 1024K, 19 young (19456K), 19 survivors (19456K)
 Metaspace       used 130534K, capacity 134038K, committed 134600K, reserved 1167360K
  class space    used 15965K, capacity 17201K, committed 17484K, reserved 1048576K
}
Event: 93.786 GC heap before
{Heap before GC invocations=83 (full 0):
 garbage-first heap   total 485376K, used 414898K [0x0000000080000000, 0x0000000100000000)
  region size 1024K, 229 young (234496K), 19 survivors (19456K)
 Metaspace       used 130547K, capacity 134040K, committed 134600K, reserved 1167360K
  class space    used 15965K, capacity 17201K, committed 17484K, reserved 1048576K
}

